{
  "missing_fields": [
    "bank_name",
    "checkout_v1_action_id",
    "checkout_v1_payment_online_transaction_id",
    "checkout_v1_transaction_amount",
    "checkout_v2_action_date_utc_1",
    "checkout_v2_action_id",
    "checkout_v2_currency_symbol",
    "checkout_v2_payment_method_name",
    "checkout_v2_payment_online_transaction_id",
    "checkout_v2_transaction_amount",
    "metabase_donation_amount",
    "metabase_donation_id",
    "metabase_gateway_order_id",
    "metabase_gateway_transaction_id",
    "metabase_hyperpay_merchant_transaction_id",
    "metabase_order_chef_total",
    "metabase_reservation_id",
    "metabase_reservation_status",
    "metabase_reservation_total_price",
    "metabase_source_id",
    "metabase_transaction_amount",
    "payfort_payment_online_transaction_id",
    "payfort_transaction_amount",
    "portal_additional_delivery_fee",
    "portal_commission_percentage",
    "portal_dark_store_fees",
    "portal_delivery_fees_by_customer",
    "portal_driver_delivery_fees",
    "portal_estimated_delivery_date",
    "portal_extra_delivery_fees",
    "portal_fees",
    "portal_main_wallet_paid_amount",
    "portal_promo_code_discount_chef_amount",
    "portal_promotion_discount_chef_amount",
    "portal_promotion_template_id",
    "portal_promotion_tier_id",
    "portal_promotion_total_discount",
    "portal_service_fees",
    "portal_store_wallet_paid_amount",
    "portal_thechefz_fees",
    "portal_total_transfer_fees",
    "portal_transaction_amount",
    "tamara_merchant_order_reference_id",
    "tamara_order_created_at_gmt_03_00",
    "tamara_order_id",
    "tamara_payment_online_transaction_id",
    "tamara_txn_amount",
    "tamara_txn_created_at_gmt_03_00"
  ],
  "mapped_fields": [],
  "total_requested": 137,
  "total_available": 126,
  "total_missing": 48
}